<?xml version="1.0" encoding="UTF-8"?>
<testng-results ignored="0" total="3" passed="3" failed="0" skipped="0">
  <reporter-output>
    <line>
      <![CDATA[hello ]]>
    </line>
    <line>
      <![CDATA[hello  selenium]]>
    </line>
    <line>
      <![CDATA[hello java]]>
    </line>
  </reporter-output>
  <suite started-at="2022-09-13T14:41:31 IST" name="Suite" finished-at="2022-09-13T14:41:33 IST" duration-ms="1341">
    <groups>
    </groups>
    <test started-at="2022-09-13T14:41:31 IST" name="Test" finished-at="2022-09-13T14:41:33 IST" duration-ms="1341">
      <class name="demo1jenkins.Test2">
        <test-method signature="tc2()[pri:0, instance:demo1jenkins.Test2@418e7838]" started-at="2022-09-13T14:41:32 IST" name="tc2" finished-at="2022-09-13T14:41:32 IST" duration-ms="122" status="PASS">
          <reporter-output>
            <line>
              <![CDATA[hello ]]>
            </line>
          </reporter-output>
        </test-method> <!-- tc2 -->
      </class> <!-- demo1jenkins.Test2 -->
      <class name="demo1jenkins.Test3">
        <test-method signature="tc3()[pri:0, instance:demo1jenkins.Test3@72a7c7e0]" started-at="2022-09-13T14:41:33 IST" name="tc3" finished-at="2022-09-13T14:41:33 IST" duration-ms="5" status="PASS">
          <reporter-output>
            <line>
              <![CDATA[hello  selenium]]>
            </line>
          </reporter-output>
        </test-method> <!-- tc3 -->
      </class> <!-- demo1jenkins.Test3 -->
      <class name="demo1jenkins.Test1">
        <test-method signature="tc1()[pri:0, instance:demo1jenkins.Test1@2e4b8173]" started-at="2022-09-13T14:41:33 IST" name="tc1" finished-at="2022-09-13T14:41:33 IST" duration-ms="4" status="PASS">
          <reporter-output>
            <line>
              <![CDATA[hello java]]>
            </line>
          </reporter-output>
        </test-method> <!-- tc1 -->
      </class> <!-- demo1jenkins.Test1 -->
    </test> <!-- Test -->
  </suite> <!-- Suite -->
</testng-results>
